<?xml version="1.0" encoding="UTF-8"?>
<testng-results ignored="0" total="2" passed="2" failed="0" skipped="0">
  <reporter-output>
  </reporter-output>
  <suite started-at="2025-07-08T23:11:26 IST" name="Default suite" finished-at="2025-07-08T23:12:53 IST" duration-ms="86327">
    <groups>
      <group name="cucumber">
        <method signature="AbstractTestNGCucumberTests.runScenario(io.cucumber.testng.PickleWrapper,io.cucumber.testng.FeatureWrapper)[pri:0, instance:com.zseleniumtvswebapplication.testrunner.TestRunner@62ddbd7e]" name="runScenario" class="io.cucumber.testng.AbstractTestNGCucumberTests"/>
      </group> <!-- cucumber -->
    </groups>
    <test started-at="2025-07-08T23:11:26 IST" name="Default test" finished-at="2025-07-08T23:12:53 IST" duration-ms="86327">
      <class name="com.zseleniumtvswebapplication.testrunner.TestRunner">
        <test-method is-config="true" signature="setUpClass(org.testng.ITestContext)[pri:0, instance:com.zseleniumtvswebapplication.testrunner.TestRunner@62ddbd7e]" started-at="2025-07-08T23:11:27 IST" name="setUpClass" finished-at="2025-07-08T23:11:35 IST" duration-ms="7842" status="PASS">
          <params>
            <param index="0">
              <value>
                <![CDATA[org.testng.TestRunner@3624da92]]>
              </value>
            </param>
          </params>
          <reporter-output>
          </reporter-output>
        </test-method> <!-- setUpClass -->
        <test-method signature="runScenario(io.cucumber.testng.PickleWrapper,io.cucumber.testng.FeatureWrapper)[pri:0, instance:com.zseleniumtvswebapplication.testrunner.TestRunner@62ddbd7e]" started-at="2025-07-08T23:11:35 IST" name="runScenario" description="Runs Cucumber Scenarios" data-provider="scenarios" finished-at="2025-07-08T23:12:53 IST" duration-ms="77703" status="PASS">
          <params>
            <param index="0">
              <value>
                <![CDATA["Book a test ride with entering the user details."]]>
              </value>
            </param>
            <param index="1">
              <value>
                <![CDATA["Book a Test Ride on TVS Motor Website"]]>
              </value>
            </param>
          </params>
          <reporter-output>
          </reporter-output>
        </test-method> <!-- runScenario -->
        <test-method signature="runScenario(io.cucumber.testng.PickleWrapper,io.cucumber.testng.FeatureWrapper)[pri:0, instance:com.zseleniumtvswebapplication.testrunner.TestRunner@62ddbd7e]" started-at="2025-07-08T23:11:35 IST" name="runScenario" description="Runs Cucumber Scenarios" data-provider="scenarios" finished-at="2025-07-08T23:12:53 IST" duration-ms="77699" status="PASS">
          <params>
            <param index="0">
              <value>
                <![CDATA["Book a test ride with entering the user details."]]>
              </value>
            </param>
            <param index="1">
              <value>
                <![CDATA["Book a Test Ride on TVS Motor Website"]]>
              </value>
            </param>
          </params>
          <reporter-output>
          </reporter-output>
        </test-method> <!-- runScenario -->
        <test-method is-config="true" signature="tearDownClass()[pri:0, instance:com.zseleniumtvswebapplication.testrunner.TestRunner@62ddbd7e]" started-at="2025-07-08T23:12:53 IST" name="tearDownClass" finished-at="2025-07-08T23:12:53 IST" duration-ms="144" status="PASS">
          <reporter-output>
          </reporter-output>
        </test-method> <!-- tearDownClass -->
      </class> <!-- com.zseleniumtvswebapplication.testrunner.TestRunner -->
    </test> <!-- Default test -->
  </suite> <!-- Default suite -->
</testng-results>
