<?xml version="1.0" encoding="UTF-8"?>
<testng-results ignored="0" total="3" passed="3" failed="0" skipped="0">
  <reporter-output>
  </reporter-output>
  <suite started-at="2025-07-03T18:07:14 IST" name="Cucumber-Test Suite" finished-at="2025-07-03T18:08:37 IST" duration-ms="83670">
    <groups>
      <group name="cucumber">
        <method signature="AbstractTestNGCucumberTests.runScenario(io.cucumber.testng.PickleWrapper,io.cucumber.testng.FeatureWrapper)[pri:0, instance:com.zseleniumtvswebapplication.testrunner.TestRunner@62ddbd7e]" name="runScenario" class="io.cucumber.testng.AbstractTestNGCucumberTests"/>
      </group> <!-- cucumber -->
    </groups>
    <test started-at="2025-07-03T18:07:14 IST" name="Cucumber Test" finished-at="2025-07-03T18:08:37 IST" duration-ms="83670">
      <class name="com.zseleniumtvswebapplication.testrunner.TestRunner">
        <test-method is-config="true" signature="setUpClass(org.testng.ITestContext)[pri:0, instance:com.zseleniumtvswebapplication.testrunner.TestRunner@62ddbd7e]" started-at="2025-07-03T18:07:14 IST" name="setUpClass" finished-at="2025-07-03T18:07:15 IST" duration-ms="1558" status="PASS">
          <params>
            <param index="0">
              <value>
                <![CDATA[org.testng.TestRunner@865dd6]]>
              </value>
            </param>
          </params>
          <reporter-output>
          </reporter-output>
        </test-method> <!-- setUpClass -->
        <test-method signature="runScenario(io.cucumber.testng.PickleWrapper,io.cucumber.testng.FeatureWrapper)[pri:0, instance:com.zseleniumtvswebapplication.testrunner.TestRunner@62ddbd7e]" started-at="2025-07-03T18:07:15 IST" name="runScenario" description="Runs Cucumber Scenarios" data-provider="scenarios" finished-at="2025-07-03T18:08:37 IST" duration-ms="81898" status="PASS">
          <params>
            <param index="0">
              <value>
                <![CDATA["Book a test ride with entering the user details."]]>
              </value>
            </param>
            <param index="1">
              <value>
                <![CDATA["Book a Test Ride on TVS Motor Website"]]>
              </value>
            </param>
          </params>
          <reporter-output>
          </reporter-output>
        </test-method> <!-- runScenario -->
        <test-method signature="runScenario(io.cucumber.testng.PickleWrapper,io.cucumber.testng.FeatureWrapper)[pri:0, instance:com.zseleniumtvswebapplication.testrunner.TestRunner@62ddbd7e]" started-at="2025-07-03T18:07:15 IST" name="runScenario" description="Runs Cucumber Scenarios" data-provider="scenarios" finished-at="2025-07-03T18:08:33 IST" duration-ms="77705" status="PASS">
          <params>
            <param index="0">
              <value>
                <![CDATA["Book a test ride with entering the user details."]]>
              </value>
            </param>
            <param index="1">
              <value>
                <![CDATA["Book a Test Ride on TVS Motor Website"]]>
              </value>
            </param>
          </params>
          <reporter-output>
          </reporter-output>
        </test-method> <!-- runScenario -->
        <test-method signature="runScenario(io.cucumber.testng.PickleWrapper,io.cucumber.testng.FeatureWrapper)[pri:0, instance:com.zseleniumtvswebapplication.testrunner.TestRunner@62ddbd7e]" started-at="2025-07-03T18:07:15 IST" name="runScenario" description="Runs Cucumber Scenarios" data-provider="scenarios" finished-at="2025-07-03T18:08:33 IST" duration-ms="77704" status="PASS">
          <params>
            <param index="0">
              <value>
                <![CDATA["Book a test ride with entering the user details."]]>
              </value>
            </param>
            <param index="1">
              <value>
                <![CDATA["Book a Test Ride on TVS Motor Website"]]>
              </value>
            </param>
          </params>
          <reporter-output>
          </reporter-output>
        </test-method> <!-- runScenario -->
        <test-method is-config="true" signature="tearDownClass()[pri:0, instance:com.zseleniumtvswebapplication.testrunner.TestRunner@62ddbd7e]" started-at="2025-07-03T18:08:37 IST" name="tearDownClass" finished-at="2025-07-03T18:08:37 IST" duration-ms="47" status="PASS">
          <reporter-output>
          </reporter-output>
        </test-method> <!-- tearDownClass -->
      </class> <!-- com.zseleniumtvswebapplication.testrunner.TestRunner -->
    </test> <!-- Cucumber Test -->
  </suite> <!-- Cucumber-Test Suite -->
</testng-results>
